<?xml version="1.0" encoding="UTF-8"?>
<!-- Generated by org.testng.reporters.JUnitReportReporter -->
<testsuite skipped="0" hostname="DESKTOP-O6S8VEP" name="com.olympics.OlympicsProjects" tests="5" failures="0" timestamp="03 Jul 2018 05:36:23 GMT" time="6.233" errors="0">
  <testcase name="sortTest" time="1.260" classname="com.olympics.OlympicsProjects"/>
  <testcase name="theMost" time="3.382" classname="com.olympics.OlympicsProjects"/>
  <testcase name="countryByMedal" time="0.327" classname="com.olympics.OlympicsProjects"/>
  <testcase name="getIndex" time="0.385" classname="com.olympics.OlympicsProjects"/>
  <testcase name="testCase5" time="0.879" classname="com.olympics.OlympicsProjects"/>
</testsuite> <!-- com.olympics.OlympicsProjects -->
